.text
.globl main
main:
  jal L0
  li $v0,10
  syscall
.data
G0:
   .word 0
.text
.data
G1:
   .word 0
.text
.data
G2:
   .word 0
.text
.data
G3:
   .word 0
.text
.data
G4:
   .word 0
.text
.data
G5:
   .word 0
.text
.data
G6:
   .word 0
.text
.data
G7:
   .word 0
.text
.data
G8:
   .word 0
.text
.data
G9:
   .word 0
.text
.data
G10:
   .word 0
.text
.data
G11:
   .word 0
.text
.data
G12:
   .word 0
.text
.data
G13:
   .word 0
.text
.data
G14:
   .word 0
.text
.data
G15:
   .word 0
.text
.data
G16:
   .word 0
.text
.data
G17:
   .word 0
.text
.data
G18:
   .word 0
.text
.data
G19:
   .word 0
.text
.data
G20:
   .word 0
.text
.data
G21:
   .word 0
.text
.data
G22:
   .word 0
.text
.data
G23:
   .word 0
.text
.data
G24:
   .word 0
.text
.data
G25:
   .word 0
.text
.data
G26:
   .word 0
.text
.data
G27:
   .word 0
.text
.data
G28:
   .word 0
.text
.data
G29:
   .word 0
.text
.data
G30:
   .word 0
.text
.data
G31:
   .word 0
.text
.data
G32:
   .word 0
.text
.data
G33:
   .word 0
.text
.data
G34:
   .word 0
.text
.data
G35:
   .word 0
.text
.data
G36:
   .word 0
.text
.data
G37:
   .word 0
.text
.data
G38:
   .word 0
.text
.data
G39:
   .word 0
.text
.data
G40:
   .word 0
.text
.data
G41:
   .word 0
.text
.data
G42:
   .word 0
.text
.data
G43:
   .word 0
.text
.data
G44:
   .word 0
.text
.data
G45:
   .word 0
.text
.data
G46:
   .word 0
.text
.data
G47:
   .word 0
.text
.data
G48:
   .word 0
.text
.data
G49:
   .word 0
.text
.data
G50:
   .word 0
.text
.data
G51:
   .word 0
.text
.data
G52:
   .word 0
.text
.data
G53:
   .word 0
.text
.data
G54:
   .word 0
.text
.data
G55:
   .word 0
.text
.data
G56:
   .word 0
.text
.data
G57:
   .word 0
.text
.data
G58:
   .word 0
.text
.data
G59:
   .word 0
.text
.data
G60:
   .word 0
.text
.data
G61:
   .word 0
.text
.data
G62:
   .word 0
.text
.data
G63:
   .word 0
.text
.data
G64:
   .word 0
.text
.data
G65:
   .word 0
.text
.data
G66:
   .word 0
.text
.data
G67:
   .word 0
.text
.data
G68:
   .word 0
.text
.data
G69:
   .word 0
.text
.data
G70:
   .word 0
.text
.data
G71:
   .word 0
.text
.data
G72:
   .word 0
.text
.data
G73:
   .word 0
.text
.data
G74:
   .word 0
.text
.data
G75:
   .word 0
.text
.data
G76:
   .word 0
.text
.data
G77:
   .word 0
.text
.data
G78:
   .word 0
.text
.data
G79:
   .word 0
.text
.data
G80:
   .word 0
.text
.data
G81:
   .word 0
.text
.data
G82:
   .word 0
.text
.data
G83:
   .word 0
.text
.data
G84:
   .word 0
.text
.data
G85:
   .word 0
.text
.data
G86:
   .word 0
.text
.data
G87:
   .word 0
.text
.data
G88:
   .word 0
.text
.data
G89:
   .word 0
.text
.data
G90:
   .word 0
.text
.data
G91:
   .word 0
.text
.data
G92:
   .word 0
.text
.data
G93:
   .word 0
.text
.data
G94:
   .word 0
.text
.data
G95:
   .word 0
.text
.data
G96:
   .word 0
.text
.data
G97:
   .word 0
.text
.data
G98:
   .word 0
.text
.data
G99:
   .word 0
.text
.data
G100:
   .word 0
.text
.data
G101:
   .word 0
.text
.data
G102:
   .word 0
.text
.data
G103:
   .word 0
.text
.data
G104:
   .word 0
.text
.data
G105:
   .word 0
.text
.data
G106:
   .word 0
.text
.data
G107:
   .word 0
.text
.data
G108:
   .word 0
.text
.data
G109:
   .word 0
.text
.data
G110:
   .word 0
.text
.data
G111:
   .word 0
.text
.data
G112:
   .word 0
.text
.data
G113:
   .word 0
.text
.data
G114:
   .word 0
.text
.data
G115:
   .word 0
.text
.data
G116:
   .word 0
.text
.data
G117:
   .word 0
.text
.data
G118:
   .word 0
.text
.data
G119:
   .word 0
.text
.data
G120:
   .word 0
.text
.data
G121:
   .word 0
.text
.data
G122:
   .word 0
.text
.data
G123:
   .word 0
.text
.data
G124:
   .word 0
.text
.data
G125:
   .word 0
.text
.data
G126:
   .word 0
.text
.data
G127:
   .word 0
.text
.data
G128:
   .word 0
.text
.data
G129:
   .word 0
.text
.data
G130:
   .word 0
.text
.data
G131:
   .word 0
.text
.data
G132:
   .word 0
.text
.data
G133:
   .word 0
.text
.data
G134:
   .word 0
.text
.data
G135:
   .word 0
.text
.data
G136:
   .word 0
.text
.data
G137:
   .word 0
.text
.data
G138:
   .word 0
.text
.data
G139:
   .word 0
.text
.data
G140:
   .word 0
.text
.data
G141:
   .word 0
.text
.data
G142:
   .word 0
.text
.data
G143:
   .word 0
.text
.data
G144:
   .word 0
.text
.data
G145:
   .word 0
.text
.data
G146:
   .word 0
.text
.data
G147:
   .word 0
.text
.data
G148:
   .word 0
.text
.data
G149:
   .word 0
.text
.data
G150:
   .word 0
.text
.data
G151:
   .word 0
.text
.data
G152:
   .word 0
.text
.data
G153:
   .word 0
.text
.data
G154:
   .word 0
.text
.data
G155:
   .word 0
.text
.data
G156:
   .word 0
.text
.data
G157:
   .word 0
.text
.data
G158:
   .word 0
.text
.data
G159:
   .word 0
.text
.data
G160:
   .word 0
.text
.data
G161:
   .word 0
.text
.data
G162:
   .word 0
.text
.data
G163:
   .word 0
.text
.data
G164:
   .word 0
.text
.data
G165:
   .word 0
.text
.data
G166:
   .word 0
.text
.data
G167:
   .word 0
.text
.data
G168:
   .word 0
.text
.data
G169:
   .word 0
.text
.data
G170:
   .word 0
.text
.data
G171:
   .word 0
.text
.data
G172:
   .word 0
.text
.data
G173:
   .word 0
.text
.data
G174:
   .word 0
.text
.data
G175:
   .word 0
.text
.data
G176:
   .word 0
.text
.data
G177:
   .word 0
.text
.data
G178:
   .word 0
.text
.data
G179:
   .word 0
.text
.data
G180:
   .word 0
.text
.data
G181:
   .word 0
.text
.data
G182:
   .word 0
.text
.data
G183:
   .word 0
.text
.data
G184:
   .word 0
.text
.data
G185:
   .word 0
.text
.data
G186:
   .word 0
.text
.data
G187:
   .word 0
.text
.data
G188:
   .word 0
.text
.data
G189:
   .word 0
.text
.data
G190:
   .word 0
.text
.data
G191:
   .word 0
.text
.data
G192:
   .word 0
.text
.data
G193:
   .word 0
.text
.data
G194:
   .word 0
.text
.data
G195:
   .word 0
.text
.data
G196:
   .word 0
.text
.data
G197:
   .word 0
.text
.data
G198:
   .word 0
.text
.data
G199:
   .word 0
.text
.data
G200:
   .word 0
.text
.data
G201:
  # "Generation "
  .byte 71 , 101 , 110 , 101 , 114 , 97 , 116 , 105 , 111 , 110 , 32 , 0
  .align 2
.text
.data
G202:
  # ":\n"
  .byte 58 , 10 , 0
  .align 2
.text
.data
G203:
  # " "
  .byte 32 , 0
  .align 2
.text
.data
G204:
  # " "
  .byte 32 , 0
  .align 2
.text
.data
G205:
  # " "
  .byte 32 , 0
  .align 2
.text
.data
G206:
  # " "
  .byte 32 , 0
  .align 2
.text
.data
G207:
  # " "
  .byte 32 , 0
  .align 2
.text
.data
G208:
  # " "
  .byte 32 , 0
  .align 2
.text
.data
G209:
  # " "
  .byte 32 , 0
  .align 2
.text
.data
G210:
  # " "
  .byte 32 , 0
  .align 2
.text
.data
G211:
  # " "
  .byte 32 , 0
  .align 2
.text
.data
G212:
  # " "
  .byte 32 , 0
  .align 2
.text
.data
G213:
  # " "
  .byte 32 , 0
  .align 2
.text
.data
G214:
  # " "
  .byte 32 , 0
  .align 2
.text
.data
G215:
  # " "
  .byte 32 , 0
  .align 2
.text
.data
G216:
  # " "
  .byte 32 , 0
  .align 2
.text
.data
G217:
  # " "
  .byte 32 , 0
  .align 2
.text
.data
G218:
  # " "
  .byte 32 , 0
  .align 2
.text
.data
G219:
  # " "
  .byte 32 , 0
  .align 2
.text
.data
G220:
  # " "
  .byte 32 , 0
  .align 2
.text
.data
G221:
  # " "
  .byte 32 , 0
  .align 2
.text
.data
G222:
  # " "
  .byte 32 , 0
  .align 2
.text
.data
G223:
  # " "
  .byte 32 , 0
  .align 2
.text
.data
G224:
  # " "
  .byte 32 , 0
  .align 2
.text
.data
G225:
  # " "
  .byte 32 , 0
  .align 2
.text
.data
G226:
  # " "
  .byte 32 , 0
  .align 2
.text
.data
G227:
  # " "
  .byte 32 , 0
  .align 2
.text
.data
G228:
  # " "
  .byte 32 , 0
  .align 2
.text
.data
G229:
  # " "
  .byte 32 , 0
  .align 2
.text
.data
G230:
  # " "
  .byte 32 , 0
  .align 2
.text
.data
G231:
  # " "
  .byte 32 , 0
  .align 2
.text
.data
G232:
  # " "
  .byte 32 , 0
  .align 2
.text
.data
G233:
  # " "
  .byte 32 , 0
  .align 2
.text
.data
G234:
  # " "
  .byte 32 , 0
  .align 2
.text
.data
G235:
  # " "
  .byte 32 , 0
  .align 2
.text
.data
G236:
  # " "
  .byte 32 , 0
  .align 2
.text
.data
G237:
  # " "
  .byte 32 , 0
  .align 2
.text
.data
G238:
  # " "
  .byte 32 , 0
  .align 2
.text
.data
G239:
  # " "
  .byte 32 , 0
  .align 2
.text
.data
G240:
  # " "
  .byte 32 , 0
  .align 2
.text
.data
G241:
  # " "
  .byte 32 , 0
  .align 2
.text
.data
G242:
  # " "
  .byte 32 , 0
  .align 2
.text
.data
G243:
  # " "
  .byte 32 , 0
  .align 2
.text
.data
G244:
  # " "
  .byte 32 , 0
  .align 2
.text
.data
G245:
  # " "
  .byte 32 , 0
  .align 2
.text
.data
G246:
  # " "
  .byte 32 , 0
  .align 2
.text
.data
G247:
  # " "
  .byte 32 , 0
  .align 2
.text
.data
G248:
  # " "
  .byte 32 , 0
  .align 2
.text
.data
G249:
  # " "
  .byte 32 , 0
  .align 2
.text
.data
G250:
  # " "
  .byte 32 , 0
  .align 2
.text
.data
G251:
  # " "
  .byte 32 , 0
  .align 2
.text
.data
G252:
  # " "
  .byte 32 , 0
  .align 2
.text
.data
G253:
  # " "
  .byte 32 , 0
  .align 2
.text
.data
G254:
  # " "
  .byte 32 , 0
  .align 2
.text
.data
G255:
  # " "
  .byte 32 , 0
  .align 2
.text
.data
G256:
  # " "
  .byte 32 , 0
  .align 2
.text
.data
G257:
  # " "
  .byte 32 , 0
  .align 2
.text
.data
G258:
  # " "
  .byte 32 , 0
  .align 2
.text
.data
G259:
  # " "
  .byte 32 , 0
  .align 2
.text
.data
G260:
  # " "
  .byte 32 , 0
  .align 2
.text
.data
G261:
  # " "
  .byte 32 , 0
  .align 2
.text
.data
G262:
  # " "
  .byte 32 , 0
  .align 2
.text
.data
G263:
  # " "
  .byte 32 , 0
  .align 2
.text
.data
G264:
  # " "
  .byte 32 , 0
  .align 2
.text
.data
G265:
  # " "
  .byte 32 , 0
  .align 2
.text
.data
G266:
  # " "
  .byte 32 , 0
  .align 2
.text
.data
G267:
  # " "
  .byte 32 , 0
  .align 2
.text
.data
G268:
  # " "
  .byte 32 , 0
  .align 2
.text
.data
G269:
  # " "
  .byte 32 , 0
  .align 2
.text
.data
G270:
  # " "
  .byte 32 , 0
  .align 2
.text
.data
G271:
  # " "
  .byte 32 , 0
  .align 2
.text
.data
G272:
  # " "
  .byte 32 , 0
  .align 2
.text
.data
G273:
  # " "
  .byte 32 , 0
  .align 2
.text
.data
G274:
  # " "
  .byte 32 , 0
  .align 2
.text
.data
G275:
  # " "
  .byte 32 , 0
  .align 2
.text
.data
G276:
  # " "
  .byte 32 , 0
  .align 2
.text
.data
G277:
  # " "
  .byte 32 , 0
  .align 2
.text
.data
G278:
  # " "
  .byte 32 , 0
  .align 2
.text
.data
G279:
  # " "
  .byte 32 , 0
  .align 2
.text
.data
G280:
  # " "
  .byte 32 , 0
  .align 2
.text
.data
G281:
  # " "
  .byte 32 , 0
  .align 2
.text
.data
G282:
  # " "
  .byte 32 , 0
  .align 2
.text
.data
G283:
  # " "
  .byte 32 , 0
  .align 2
.text
.data
G284:
  # " "
  .byte 32 , 0
  .align 2
.text
.data
G285:
  # " "
  .byte 32 , 0
  .align 2
.text
.data
G286:
  # " "
  .byte 32 , 0
  .align 2
.text
.data
G287:
  # " "
  .byte 32 , 0
  .align 2
.text
.data
G288:
  # " "
  .byte 32 , 0
  .align 2
.text
.data
G289:
  # " "
  .byte 32 , 0
  .align 2
.text
.data
G290:
  # " "
  .byte 32 , 0
  .align 2
.text
.data
G291:
  # " "
  .byte 32 , 0
  .align 2
.text
.data
G292:
  # " "
  .byte 32 , 0
  .align 2
.text
.data
G293:
  # " "
  .byte 32 , 0
  .align 2
.text
.data
G294:
  # " "
  .byte 32 , 0
  .align 2
.text
.data
G295:
  # " "
  .byte 32 , 0
  .align 2
.text
.data
G296:
  # " "
  .byte 32 , 0
  .align 2
.text
.data
G297:
  # " "
  .byte 32 , 0
  .align 2
.text
.data
G298:
  # " "
  .byte 32 , 0
  .align 2
.text
.data
G299:
  # " "
  .byte 32 , 0
  .align 2
.text
.data
G300:
  # " "
  .byte 32 , 0
  .align 2
.text
.data
G301:
  # " "
  .byte 32 , 0
  .align 2
.text
.data
G302:
  # " "
  .byte 32 , 0
  .align 2
.text
.data
G303:
  # "\n"
  .byte 10 , 0
  .align 2
.text
.data
G304:
   .word 0
.text
.data
char: .space 2
.text
Lgetchar: 
  addi $sp,$sp,-4
  sw $s0,0($sp)
  li $v0,8
  la $a0,char
  la $a1,2
  syscall
  lb $v0,char
  li $s0,4
  beq $v0,$s0,Lgetchar_eof
  li $s0,0
  beq $v0,$s0,Lgetchar_eof
Lgetchar_return:
  lw $s0 0($sp)
  addi $sp,$sp,4
  jr $ra 
Lgetchar_eof:
  li $v0,-1
  j Lgetchar_return
Lprints: 
  li $v0,4
  syscall
  jr $ra 
Lprinti: 
  li $v0,1
  syscall
  jr $ra 
.data
return_err: .asciiz "Runtime error: Function did not return\n"
divzero_err: .asciiz "Runtime error: Division by zero\n"
.text
Lhalt: 
  li $v0,10
  syscall
  jr $ra 
Lprintb: 
  li $v0,1
  syscall
  jr $ra 
Lprintc: 
  li $v0,11
  syscall
  jr $ra 
L0: # main
  addi $sp,$sp,-20
  sw $ra,0($sp)
  li $s7,123
  move $a0,$s7
  jal L4
  li $s7,0
L6: # =
  sw $s7,4($sp)
L7: # while start
  li $s7,9
L9: # <=
  lw $s5,4($sp)
  ble $s5,$s7,L10
  li $s6,0
  j L11
L10:
  li $s6,1
L11:
  beq $s6,$zero,L8
L12: # ifelse start
  li $s7,0
L15: # ==
  lw $s4,4($sp)
  beq $s4,$s7,L16
  li $s5,0
  j L17
L16:
  li $s5,1
L17:
  beq $s5,$zero,L13
  li $s7,0
L18: # =
  sw $s7,8($sp)
L19: # while start
  li $s7,9
L21: # <=
  lw $s3,8($sp)
  ble $s3,$s7,L22
  li $s4,0
  j L23
L22:
  li $s4,1
L23:
  beq $s4,$zero,L20
L24: # ifelse start
  li $s7,0
L27: # ==
  lw $s2,8($sp)
  beq $s2,$s7,L28
  li $s3,0
  j L29
L28:
  li $s3,1
L29:
  beq $s3,$zero,L25
  jal L3
  move $s7,$v0
  li $s2,2
L30: # %
  div $s7,$s2
  mfhi $s1
L31: # =
  sw $s1,G0
  j L26
L25: # ifelse else
L32: # ifelse start
  li $s1,1
L35: # ==
  lw $s7,8($sp)
  beq $s7,$s1,L36
  li $s2,0
  j L37
L36:
  li $s2,1
L37:
  beq $s2,$zero,L33
  jal L3
  move $s1,$v0
  li $s7,2
L38: # %
  div $s1,$s7
  mfhi $s0
L39: # =
  sw $s0,G1
  j L34
L33: # ifelse else
L40: # ifelse start
  li $s0,2
L43: # ==
  lw $s1,8($sp)
  beq $s1,$s0,L44
  li $s7,0
  j L45
L44:
  li $s7,1
L45:
  beq $s7,$zero,L41
  jal L3
  move $s0,$v0
  li $s1,2
L46: # %
  div $s0,$s1
  mfhi $t9
L47: # =
  sw $t9,G2
  j L42
L41: # ifelse else
L48: # ifelse start
  li $t9,3
L51: # ==
  lw $s0,8($sp)
  beq $s0,$t9,L52
  li $s1,0
  j L53
L52:
  li $s1,1
L53:
  beq $s1,$zero,L49
  jal L3
  move $t9,$v0
  li $s0,2
L54: # %
  div $t9,$s0
  mfhi $t8
L55: # =
  sw $t8,G3
  j L50
L49: # ifelse else
L56: # ifelse start
  li $t8,4
L59: # ==
  lw $t9,8($sp)
  beq $t9,$t8,L60
  li $s0,0
  j L61
L60:
  li $s0,1
L61:
  beq $s0,$zero,L57
  jal L3
  move $t8,$v0
  li $t9,2
L62: # %
  div $t8,$t9
  mfhi $t7
L63: # =
  sw $t7,G4
  j L58
L57: # ifelse else
L64: # ifelse start
  li $t7,5
L67: # ==
  lw $t8,8($sp)
  beq $t8,$t7,L68
  li $t9,0
  j L69
L68:
  li $t9,1
L69:
  beq $t9,$zero,L65
  jal L3
  move $t7,$v0
  li $t8,2
L70: # %
  div $t7,$t8
  mfhi $t6
L71: # =
  sw $t6,G5
  j L66
L65: # ifelse else
L72: # ifelse start
  li $t6,6
L75: # ==
  lw $t7,8($sp)
  beq $t7,$t6,L76
  li $t8,0
  j L77
L76:
  li $t8,1
L77:
  beq $t8,$zero,L73
  jal L3
  move $t6,$v0
  li $t7,2
L78: # %
  div $t6,$t7
  mfhi $t5
L79: # =
  sw $t5,G6
  j L74
L73: # ifelse else
L80: # ifelse start
  li $t5,7
L83: # ==
  lw $t6,8($sp)
  beq $t6,$t5,L84
  li $t7,0
  j L85
L84:
  li $t7,1
L85:
  beq $t7,$zero,L81
  jal L3
  move $t5,$v0
  li $t6,2
L86: # %
  div $t5,$t6
  mfhi $t4
L87: # =
  sw $t4,G7
  j L82
L81: # ifelse else
L88: # ifelse start
  li $t4,8
L91: # ==
  lw $t5,8($sp)
  beq $t5,$t4,L92
  li $t6,0
  j L93
L92:
  li $t6,1
L93:
  beq $t6,$zero,L89
  jal L3
  move $t4,$v0
  li $t5,2
L94: # %
  div $t4,$t5
  mfhi $t3
L95: # =
  sw $t3,G8
  j L90
L89: # ifelse else
L96: # if start
  li $t3,9
L98: # ==
  lw $t4,8($sp)
  beq $t4,$t3,L99
  li $t5,0
  j L100
L99:
  li $t5,1
L100:
  beq $t5,$zero,L97
  jal L3
  move $t3,$v0
  li $t4,2
L101: # %
  div $t3,$t4
  mfhi $t2
L102: # =
  sw $t2,G9
L97: #if end
L90: #ifelse end
L82: #ifelse end
L74: #ifelse end
L66: #ifelse end
L58: #ifelse end
L50: #ifelse end
L42: #ifelse end
L34: #ifelse end
L26: #ifelse end
  li $s3,1
L103: # +
  lw $s7,8($sp)
  addu $s2,$s7,$s3
L104: # =
  sw $s2,8($sp)
j L19
L20: # while end
  j L14
L13: # ifelse else
L105: # ifelse start
  li $s4,1
L108: # ==
  lw $s3,4($sp)
  beq $s3,$s4,L109
  li $s2,0
  j L110
L109:
  li $s2,1
L110:
  beq $s2,$zero,L106
  li $s4,0
L111: # =
  sw $s4,8($sp)
L112: # while start
  li $s4,9
L114: # <=
  lw $s7,8($sp)
  ble $s7,$s4,L115
  li $s3,0
  j L116
L115:
  li $s3,1
L116:
  beq $s3,$zero,L113
L117: # ifelse start
  li $s4,0
L120: # ==
  lw $s1,8($sp)
  beq $s1,$s4,L121
  li $s7,0
  j L122
L121:
  li $s7,1
L122:
  beq $s7,$zero,L118
  jal L3
  move $s4,$v0
  li $s1,2
L123: # %
  div $s4,$s1
  mfhi $s0
L124: # =
  sw $s0,G10
  j L119
L118: # ifelse else
L125: # ifelse start
  li $s0,1
L128: # ==
  lw $s4,8($sp)
  beq $s4,$s0,L129
  li $s1,0
  j L130
L129:
  li $s1,1
L130:
  beq $s1,$zero,L126
  jal L3
  move $s0,$v0
  li $s4,2
L131: # %
  div $s0,$s4
  mfhi $t9
L132: # =
  sw $t9,G11
  j L127
L126: # ifelse else
L133: # ifelse start
  li $t9,2
L136: # ==
  lw $s0,8($sp)
  beq $s0,$t9,L137
  li $s4,0
  j L138
L137:
  li $s4,1
L138:
  beq $s4,$zero,L134
  jal L3
  move $t9,$v0
  li $s0,2
L139: # %
  div $t9,$s0
  mfhi $t8
L140: # =
  sw $t8,G12
  j L135
L134: # ifelse else
L141: # ifelse start
  li $t8,3
L144: # ==
  lw $t9,8($sp)
  beq $t9,$t8,L145
  li $s0,0
  j L146
L145:
  li $s0,1
L146:
  beq $s0,$zero,L142
  jal L3
  move $t8,$v0
  li $t9,2
L147: # %
  div $t8,$t9
  mfhi $t7
L148: # =
  sw $t7,G13
  j L143
L142: # ifelse else
L149: # ifelse start
  li $t7,4
L152: # ==
  lw $t8,8($sp)
  beq $t8,$t7,L153
  li $t9,0
  j L154
L153:
  li $t9,1
L154:
  beq $t9,$zero,L150
  jal L3
  move $t7,$v0
  li $t8,2
L155: # %
  div $t7,$t8
  mfhi $t6
L156: # =
  sw $t6,G14
  j L151
L150: # ifelse else
L157: # ifelse start
  li $t6,5
L160: # ==
  lw $t7,8($sp)
  beq $t7,$t6,L161
  li $t8,0
  j L162
L161:
  li $t8,1
L162:
  beq $t8,$zero,L158
  jal L3
  move $t6,$v0
  li $t7,2
L163: # %
  div $t6,$t7
  mfhi $t5
L164: # =
  sw $t5,G15
  j L159
L158: # ifelse else
L165: # ifelse start
  li $t5,6
L168: # ==
  lw $t6,8($sp)
  beq $t6,$t5,L169
  li $t7,0
  j L170
L169:
  li $t7,1
L170:
  beq $t7,$zero,L166
  jal L3
  move $t5,$v0
  li $t6,2
L171: # %
  div $t5,$t6
  mfhi $t2
L172: # =
  sw $t2,G16
  j L167
L166: # ifelse else
L173: # ifelse start
  li $t2,7
L176: # ==
  lw $t5,8($sp)
  beq $t5,$t2,L177
  li $t6,0
  j L178
L177:
  li $t6,1
L178:
  beq $t6,$zero,L174
  jal L3
  move $t2,$v0
  li $t5,2
L179: # %
  div $t2,$t5
  mfhi $t4
L180: # =
  sw $t4,G17
  j L175
L174: # ifelse else
L181: # ifelse start
  li $t4,8
L184: # ==
  lw $t2,8($sp)
  beq $t2,$t4,L185
  li $t5,0
  j L186
L185:
  li $t5,1
L186:
  beq $t5,$zero,L182
  jal L3
  move $t4,$v0
  li $t2,2
L187: # %
  div $t4,$t2
  mfhi $t3
L188: # =
  sw $t3,G18
  j L183
L182: # ifelse else
L189: # if start
  li $t3,9
L191: # ==
  lw $t4,8($sp)
  beq $t4,$t3,L192
  li $t2,0
  j L193
L192:
  li $t2,1
L193:
  beq $t2,$zero,L190
  jal L3
  move $t3,$v0
  li $t4,2
L194: # %
  div $t3,$t4
  mfhi $t1
L195: # =
  sw $t1,G19
L190: #if end
L183: #ifelse end
L175: #ifelse end
L167: #ifelse end
L159: #ifelse end
L151: #ifelse end
L143: #ifelse end
L135: #ifelse end
L127: #ifelse end
L119: #ifelse end
  li $s7,1
L196: # +
  lw $s4,8($sp)
  addu $s1,$s4,$s7
L197: # =
  sw $s1,8($sp)
j L112
L113: # while end
  j L107
L106: # ifelse else
L198: # ifelse start
  li $s3,2
L201: # ==
  lw $s7,4($sp)
  beq $s7,$s3,L202
  li $s1,0
  j L203
L202:
  li $s1,1
L203:
  beq $s1,$zero,L199
  li $s3,0
L204: # =
  sw $s3,8($sp)
L205: # while start
  li $s3,9
L207: # <=
  lw $s4,8($sp)
  ble $s4,$s3,L208
  li $s7,0
  j L209
L208:
  li $s7,1
L209:
  beq $s7,$zero,L206
L210: # ifelse start
  li $s3,0
L213: # ==
  lw $s0,8($sp)
  beq $s0,$s3,L214
  li $s4,0
  j L215
L214:
  li $s4,1
L215:
  beq $s4,$zero,L211
  jal L3
  move $s3,$v0
  li $s0,2
L216: # %
  div $s3,$s0
  mfhi $t9
L217: # =
  sw $t9,G20
  j L212
L211: # ifelse else
L218: # ifelse start
  li $t9,1
L221: # ==
  lw $s3,8($sp)
  beq $s3,$t9,L222
  li $s0,0
  j L223
L222:
  li $s0,1
L223:
  beq $s0,$zero,L219
  jal L3
  move $t9,$v0
  li $s3,2
L224: # %
  div $t9,$s3
  mfhi $t8
L225: # =
  sw $t8,G21
  j L220
L219: # ifelse else
L226: # ifelse start
  li $t8,2
L229: # ==
  lw $t9,8($sp)
  beq $t9,$t8,L230
  li $s3,0
  j L231
L230:
  li $s3,1
L231:
  beq $s3,$zero,L227
  jal L3
  move $t8,$v0
  li $t9,2
L232: # %
  div $t8,$t9
  mfhi $t7
L233: # =
  sw $t7,G22
  j L228
L227: # ifelse else
L234: # ifelse start
  li $t7,3
L237: # ==
  lw $t8,8($sp)
  beq $t8,$t7,L238
  li $t9,0
  j L239
L238:
  li $t9,1
L239:
  beq $t9,$zero,L235
  jal L3
  move $t7,$v0
  li $t8,2
L240: # %
  div $t7,$t8
  mfhi $t6
L241: # =
  sw $t6,G23
  j L236
L235: # ifelse else
L242: # ifelse start
  li $t6,4
L245: # ==
  lw $t7,8($sp)
  beq $t7,$t6,L246
  li $t8,0
  j L247
L246:
  li $t8,1
L247:
  beq $t8,$zero,L243
  jal L3
  move $t6,$v0
  li $t7,2
L248: # %
  div $t6,$t7
  mfhi $t5
L249: # =
  sw $t5,G24
  j L244
L243: # ifelse else
L250: # ifelse start
  li $t5,5
L253: # ==
  lw $t6,8($sp)
  beq $t6,$t5,L254
  li $t7,0
  j L255
L254:
  li $t7,1
L255:
  beq $t7,$zero,L251
  jal L3
  move $t5,$v0
  li $t6,2
L256: # %
  div $t5,$t6
  mfhi $t2
L257: # =
  sw $t2,G25
  j L252
L251: # ifelse else
L258: # ifelse start
  li $t2,6
L261: # ==
  lw $t5,8($sp)
  beq $t5,$t2,L262
  li $t6,0
  j L263
L262:
  li $t6,1
L263:
  beq $t6,$zero,L259
  jal L3
  move $t2,$v0
  li $t5,2
L264: # %
  div $t2,$t5
  mfhi $t1
L265: # =
  sw $t1,G26
  j L260
L259: # ifelse else
L266: # ifelse start
  li $t1,7
L269: # ==
  lw $t2,8($sp)
  beq $t2,$t1,L270
  li $t5,0
  j L271
L270:
  li $t5,1
L271:
  beq $t5,$zero,L267
  jal L3
  move $t1,$v0
  li $t2,2
L272: # %
  div $t1,$t2
  mfhi $t4
L273: # =
  sw $t4,G27
  j L268
L267: # ifelse else
L274: # ifelse start
  li $t4,8
L277: # ==
  lw $t1,8($sp)
  beq $t1,$t4,L278
  li $t2,0
  j L279
L278:
  li $t2,1
L279:
  beq $t2,$zero,L275
  jal L3
  move $t4,$v0
  li $t1,2
L280: # %
  div $t4,$t1
  mfhi $t3
L281: # =
  sw $t3,G28
  j L276
L275: # ifelse else
L282: # if start
  li $t3,9
L284: # ==
  lw $t4,8($sp)
  beq $t4,$t3,L285
  li $t1,0
  j L286
L285:
  li $t1,1
L286:
  beq $t1,$zero,L283
  jal L3
  move $t3,$v0
  li $t4,2
L287: # %
  div $t3,$t4
  mfhi $t0
L288: # =
  sw $t0,G29
L283: #if end
L276: #ifelse end
L268: #ifelse end
L260: #ifelse end
L252: #ifelse end
L244: #ifelse end
L236: #ifelse end
L228: #ifelse end
L220: #ifelse end
L212: #ifelse end
  li $s4,1
L289: # +
  lw $s3,8($sp)
  addu $s0,$s3,$s4
L290: # =
  sw $s0,8($sp)
j L205
L206: # while end
  j L200
L199: # ifelse else
L291: # ifelse start
  li $s7,3
L294: # ==
  lw $s4,4($sp)
  beq $s4,$s7,L295
  li $s0,0
  j L296
L295:
  li $s0,1
L296:
  beq $s0,$zero,L292
  li $s7,0
L297: # =
  sw $s7,8($sp)
L298: # while start
  li $s7,9
L300: # <=
  lw $s3,8($sp)
  ble $s3,$s7,L301
  li $s4,0
  j L302
L301:
  li $s4,1
L302:
  beq $s4,$zero,L299
L303: # ifelse start
  li $s7,0
L306: # ==
  lw $t9,8($sp)
  beq $t9,$s7,L307
  li $s3,0
  j L308
L307:
  li $s3,1
L308:
  beq $s3,$zero,L304
  jal L3
  move $s7,$v0
  li $t9,2
L309: # %
  div $s7,$t9
  mfhi $t8
L310: # =
  sw $t8,G30
  j L305
L304: # ifelse else
L311: # ifelse start
  li $t8,1
L314: # ==
  lw $s7,8($sp)
  beq $s7,$t8,L315
  li $t9,0
  j L316
L315:
  li $t9,1
L316:
  beq $t9,$zero,L312
  jal L3
  move $t8,$v0
  li $s7,2
L317: # %
  div $t8,$s7
  mfhi $t7
L318: # =
  sw $t7,G31
  j L313
L312: # ifelse else
L319: # ifelse start
  li $t7,2
L322: # ==
  lw $t8,8($sp)
  beq $t8,$t7,L323
  li $s7,0
  j L324
L323:
  li $s7,1
L324:
  beq $s7,$zero,L320
  jal L3
  move $t7,$v0
  li $t8,2
L325: # %
  div $t7,$t8
  mfhi $t6
L326: # =
  sw $t6,G32
  j L321
L320: # ifelse else
L327: # ifelse start
  li $t6,3
L330: # ==
  lw $t7,8($sp)
  beq $t7,$t6,L331
  li $t8,0
  j L332
L331:
  li $t8,1
L332:
  beq $t8,$zero,L328
  jal L3
  move $t6,$v0
  li $t7,2
L333: # %
  div $t6,$t7
  mfhi $t5
L334: # =
  sw $t5,G33
  j L329
L328: # ifelse else
L335: # ifelse start
  li $t5,4
L338: # ==
  lw $t6,8($sp)
  beq $t6,$t5,L339
  li $t7,0
  j L340
L339:
  li $t7,1
L340:
  beq $t7,$zero,L336
  jal L3
  move $t5,$v0
  li $t6,2
L341: # %
  div $t5,$t6
  mfhi $t2
L342: # =
  sw $t2,G34
  j L337
L336: # ifelse else
L343: # ifelse start
  li $t2,5
L346: # ==
  lw $t5,8($sp)
  beq $t5,$t2,L347
  li $t6,0
  j L348
L347:
  li $t6,1
L348:
  beq $t6,$zero,L344
  jal L3
  move $t2,$v0
  li $t5,2
L349: # %
  div $t2,$t5
  mfhi $t1
L350: # =
  sw $t1,G35
  j L345
L344: # ifelse else
L351: # ifelse start
  li $t1,6
L354: # ==
  lw $t2,8($sp)
  beq $t2,$t1,L355
  li $t5,0
  j L356
L355:
  li $t5,1
L356:
  beq $t5,$zero,L352
  jal L3
  move $t1,$v0
  li $t2,2
L357: # %
  div $t1,$t2
  mfhi $t0
L358: # =
  sw $t0,G36
  j L353
L352: # ifelse else
L359: # ifelse start
  li $t0,7
L362: # ==
  lw $t1,8($sp)
  beq $t1,$t0,L363
  li $t2,0
  j L364
L363:
  li $t2,1
L364:
  beq $t2,$zero,L360
  jal L3
  move $t0,$v0
  li $t1,2
L365: # %
  div $t0,$t1
  mfhi $t4
L366: # =
  sw $t4,G37
  j L361
L360: # ifelse else
L367: # ifelse start
  li $t4,8
L370: # ==
  lw $t0,8($sp)
  beq $t0,$t4,L371
  li $t1,0
  j L372
L371:
  li $t1,1
L372:
  beq $t1,$zero,L368
  jal L3
  move $t4,$v0
  li $t0,2
L373: # %
  div $t4,$t0
  mfhi $t3
L374: # =
  sw $t3,G38
  j L369
L368: # ifelse else
L375: # if start
  li $t3,9
L377: # ==
  lw $t4,8($sp)
  beq $t4,$t3,L378
  li $t0,0
  j L379
L378:
  li $t0,1
L379:
  beq $t0,$zero,L376
  jal L3
  move $t3,$v0
  li $t4,2
L380: # %
Too complex - not enough free registers in main scope
