.text
.globl main
main:
  jal L0
  li $v0,10
  syscall
.data
G0:
   .word 0
.text
.data
G1:
   .word 0
.text
.data
G2:
   .word 0
.text
.data
G3:
   .word 0
.text
.data
G4:
   .word 0
.text
.data
G5:
   .word 0
.text
.data
G6:
   .word 0
.text
.data
G7:
   .word 0
.text
.data
G8:
   .word 0
.text
.data
G9:
   .word 0
.text
.data
G10:
   .word 0
.text
.data
G11:
   .word 0
.text
.data
G12:
   .word 0
.text
.data
G13:
   .word 0
.text
.data
G14:
   .word 0
.text
.data
G15:
   .word 0
.text
.data
G16:
   .word 0
.text
.data
G17:
   .word 0
.text
.data
G18:
   .word 0
.text
.data
G19:
   .word 0
.text
.data
G20:
   .word 0
.text
.data
G21:
   .word 0
.text
.data
G22:
   .word 0
.text
.data
G23:
   .word 0
.text
.data
G24:
   .word 0
.text
.data
G25:
   .word 0
.text
.data
G26:
   .word 0
.text
.data
G27:
   .word 0
.text
.data
G28:
   .word 0
.text
.data
G29:
   .word 0
.text
.data
G30:
   .word 0
.text
.data
G31:
   .word 0
.text
.data
G32:
   .word 0
.text
.data
G33:
   .word 0
.text
.data
G34:
   .word 0
.text
.data
G35:
   .word 0
.text
.data
G36:
   .word 0
.text
.data
G37:
   .word 0
.text
.data
G38:
   .word 0
.text
.data
G39:
   .word 0
.text
.data
G40:
   .word 0
.text
.data
G41:
   .word 0
.text
.data
G42:
   .word 0
.text
.data
G43:
   .word 0
.text
.data
G44:
   .word 0
.text
.data
G45:
   .word 0
.text
.data
G46:
   .word 0
.text
.data
G47:
   .word 0
.text
.data
G48:
   .word 0
.text
.data
G49:
   .word 0
.text
.data
G50:
   .word 0
.text
.data
G51:
   .word 0
.text
.data
G52:
   .word 0
.text
.data
G53:
   .word 0
.text
.data
G54:
   .word 0
.text
.data
G55:
   .word 0
.text
.data
G56:
   .word 0
.text
.data
G57:
   .word 0
.text
.data
G58:
   .word 0
.text
.data
G59:
   .word 0
.text
.data
G60:
   .word 0
.text
.data
G61:
   .word 0
.text
.data
G62:
   .word 0
.text
.data
G63:
   .word 0
.text
.data
G64:
   .word 0
.text
.data
G65:
   .word 0
.text
.data
G66:
   .word 0
.text
.data
G67:
   .word 0
.text
.data
G68:
   .word 0
.text
.data
G69:
   .word 0
.text
.data
G70:
   .word 0
.text
.data
G71:
   .word 0
.text
.data
G72:
   .word 0
.text
.data
G73:
   .word 0
.text
.data
G74:
   .word 0
.text
.data
G75:
   .word 0
.text
.data
G76:
   .word 0
.text
.data
G77:
   .word 0
.text
.data
G78:
   .word 0
.text
.data
G79:
   .word 0
.text
.data
G80:
   .word 0
.text
.data
G81:
   .word 0
.text
.data
G82:
   .word 0
.text
.data
G83:
   .word 0
.text
.data
G84:
   .word 0
.text
.data
G85:
   .word 0
.text
.data
G86:
   .word 0
.text
.data
G87:
   .word 0
.text
.data
G88:
   .word 0
.text
.data
G89:
   .word 0
.text
.data
G90:
   .word 0
.text
.data
G91:
   .word 0
.text
.data
G92:
   .word 0
.text
.data
G93:
   .word 0
.text
.data
G94:
   .word 0
.text
.data
G95:
   .word 0
.text
.data
G96:
   .word 0
.text
.data
G97:
   .word 0
.text
.data
G98:
   .word 0
.text
.data
G99:
   .word 0
.text
.data
G100:
   .word 0
.text
.data
G101:
   .word 0
.text
.data
G102:
   .word 0
.text
.data
G103:
   .word 0
.text
.data
G104:
   .word 0
.text
.data
G105:
   .word 0
.text
.data
G106:
   .word 0
.text
.data
G107:
   .word 0
.text
.data
G108:
   .word 0
.text
.data
G109:
   .word 0
.text
.data
G110:
   .word 0
.text
.data
G111:
   .word 0
.text
.data
G112:
   .word 0
.text
.data
G113:
   .word 0
.text
.data
G114:
   .word 0
.text
.data
G115:
   .word 0
.text
.data
G116:
   .word 0
.text
.data
G117:
   .word 0
.text
.data
G118:
   .word 0
.text
.data
G119:
   .word 0
.text
.data
G120:
   .word 0
.text
.data
G121:
   .word 0
.text
.data
G122:
   .word 0
.text
.data
G123:
   .word 0
.text
.data
G124:
   .word 0
.text
.data
G125:
   .word 0
.text
.data
G126:
   .word 0
.text
.data
G127:
   .word 0
.text
.data
G128:
   .word 0
.text
.data
G129:
   .word 0
.text
.data
G130:
   .word 0
.text
.data
G131:
   .word 0
.text
.data
G132:
   .word 0
.text
.data
G133:
   .word 0
.text
.data
G134:
   .word 0
.text
.data
G135:
   .word 0
.text
.data
G136:
   .word 0
.text
.data
G137:
   .word 0
.text
.data
G138:
   .word 0
.text
.data
G139:
   .word 0
.text
.data
G140:
   .word 0
.text
.data
G141:
   .word 0
.text
.data
G142:
   .word 0
.text
.data
G143:
   .word 0
.text
.data
G144:
   .word 0
.text
.data
G145:
   .word 0
.text
.data
G146:
   .word 0
.text
.data
G147:
   .word 0
.text
.data
G148:
   .word 0
.text
.data
G149:
   .word 0
.text
.data
G150:
   .word 0
.text
.data
G151:
   .word 0
.text
.data
G152:
   .word 0
.text
.data
G153:
   .word 0
.text
.data
G154:
   .word 0
.text
.data
G155:
   .word 0
.text
.data
G156:
   .word 0
.text
.data
G157:
   .word 0
.text
.data
G158:
   .word 0
.text
.data
G159:
   .word 0
.text
.data
G160:
   .word 0
.text
.data
G161:
   .word 0
.text
.data
G162:
   .word 0
.text
.data
G163:
   .word 0
.text
.data
G164:
   .word 0
.text
.data
G165:
   .word 0
.text
.data
G166:
   .word 0
.text
.data
G167:
   .word 0
.text
.data
G168:
   .word 0
.text
.data
G169:
   .word 0
.text
.data
G170:
   .word 0
.text
.data
G171:
   .word 0
.text
.data
G172:
   .word 0
.text
.data
G173:
   .word 0
.text
.data
G174:
   .word 0
.text
.data
G175:
   .word 0
.text
.data
G176:
   .word 0
.text
.data
G177:
   .word 0
.text
.data
G178:
   .word 0
.text
.data
G179:
   .word 0
.text
.data
G180:
   .word 0
.text
.data
G181:
   .word 0
.text
.data
G182:
   .word 0
.text
.data
G183:
   .word 0
.text
.data
G184:
   .word 0
.text
.data
G185:
   .word 0
.text
.data
G186:
   .word 0
.text
.data
G187:
   .word 0
.text
.data
G188:
   .word 0
.text
.data
G189:
   .word 0
.text
.data
G190:
   .word 0
.text
.data
G191:
   .word 0
.text
.data
G192:
   .word 0
.text
.data
G193:
   .word 0
.text
.data
G194:
   .word 0
.text
.data
G195:
   .word 0
.text
.data
G196:
   .word 0
.text
.data
G197:
   .word 0
.text
.data
G198:
   .word 0
.text
.data
G199:
   .word 0
.text
.data
G200:
   .word 0
.text
.data
G201:
  # "Generation "
  .byte 71 , 101 , 110 , 101 , 114 , 97 , 116 , 105 , 111 , 110 , 32 , 0
  .align 2
.text
.data
G202:
  # ":\n"
  .byte 58 , 10 , 0
  .align 2
.text
.data
G203:
  # " "
  .byte 32 , 0
  .align 2
.text
.data
G204:
  # " "
  .byte 32 , 0
  .align 2
.text
.data
G205:
  # " "
  .byte 32 , 0
  .align 2
.text
.data
G206:
  # " "
  .byte 32 , 0
  .align 2
.text
.data
G207:
  # " "
  .byte 32 , 0
  .align 2
.text
.data
G208:
  # " "
  .byte 32 , 0
  .align 2
.text
.data
G209:
  # " "
  .byte 32 , 0
  .align 2
.text
.data
G210:
  # " "
  .byte 32 , 0
  .align 2
.text
.data
G211:
  # " "
  .byte 32 , 0
  .align 2
.text
.data
G212:
  # " "
  .byte 32 , 0
  .align 2
.text
.data
G213:
  # " "
  .byte 32 , 0
  .align 2
.text
.data
G214:
  # " "
  .byte 32 , 0
  .align 2
.text
.data
G215:
  # " "
  .byte 32 , 0
  .align 2
.text
.data
G216:
  # " "
  .byte 32 , 0
  .align 2
.text
.data
G217:
  # " "
  .byte 32 , 0
  .align 2
.text
.data
G218:
  # " "
  .byte 32 , 0
  .align 2
.text
.data
G219:
  # " "
  .byte 32 , 0
  .align 2
.text
.data
G220:
  # " "
  .byte 32 , 0
  .align 2
.text
.data
G221:
  # " "
  .byte 32 , 0
  .align 2
.text
.data
G222:
  # " "
  .byte 32 , 0
  .align 2
.text
.data
G223:
  # " "
  .byte 32 , 0
  .align 2
.text
.data
G224:
  # " "
  .byte 32 , 0
  .align 2
.text
.data
G225:
  # " "
  .byte 32 , 0
  .align 2
.text
.data
G226:
  # " "
  .byte 32 , 0
  .align 2
.text
.data
G227:
  # " "
  .byte 32 , 0
  .align 2
.text
.data
G228:
  # " "
  .byte 32 , 0
  .align 2
.text
.data
G229:
  # " "
  .byte 32 , 0
  .align 2
.text
.data
G230:
  # " "
  .byte 32 , 0
  .align 2
.text
.data
G231:
  # " "
  .byte 32 , 0
  .align 2
.text
.data
G232:
  # " "
  .byte 32 , 0
  .align 2
.text
.data
G233:
  # " "
  .byte 32 , 0
  .align 2
.text
.data
G234:
  # " "
  .byte 32 , 0
  .align 2
.text
.data
G235:
  # " "
  .byte 32 , 0
  .align 2
.text
.data
G236:
  # " "
  .byte 32 , 0
  .align 2
.text
.data
G237:
  # " "
  .byte 32 , 0
  .align 2
.text
.data
G238:
  # " "
  .byte 32 , 0
  .align 2
.text
.data
G239:
  # " "
  .byte 32 , 0
  .align 2
.text
.data
G240:
  # " "
  .byte 32 , 0
  .align 2
.text
.data
G241:
  # " "
  .byte 32 , 0
  .align 2
.text
.data
G242:
  # " "
  .byte 32 , 0
  .align 2
.text
.data
G243:
  # " "
  .byte 32 , 0
  .align 2
.text
.data
G244:
  # " "
  .byte 32 , 0
  .align 2
.text
.data
G245:
  # " "
  .byte 32 , 0
  .align 2
.text
.data
G246:
  # " "
  .byte 32 , 0
  .align 2
.text
.data
G247:
  # " "
  .byte 32 , 0
  .align 2
.text
.data
G248:
  # " "
  .byte 32 , 0
  .align 2
.text
.data
G249:
  # " "
  .byte 32 , 0
  .align 2
.text
.data
G250:
  # " "
  .byte 32 , 0
  .align 2
.text
.data
G251:
  # " "
  .byte 32 , 0
  .align 2
.text
.data
G252:
  # " "
  .byte 32 , 0
  .align 2
.text
.data
G253:
  # " "
  .byte 32 , 0
  .align 2
.text
.data
G254:
  # " "
  .byte 32 , 0
  .align 2
.text
.data
G255:
  # " "
  .byte 32 , 0
  .align 2
.text
.data
G256:
  # " "
  .byte 32 , 0
  .align 2
.text
.data
G257:
  # " "
  .byte 32 , 0
  .align 2
.text
.data
G258:
  # " "
  .byte 32 , 0
  .align 2
.text
.data
G259:
  # " "
  .byte 32 , 0
  .align 2
.text
.data
G260:
  # " "
  .byte 32 , 0
  .align 2
.text
.data
G261:
  # " "
  .byte 32 , 0
  .align 2
.text
.data
G262:
  # " "
  .byte 32 , 0
  .align 2
.text
.data
G263:
  # " "
  .byte 32 , 0
  .align 2
.text
.data
G264:
  # " "
  .byte 32 , 0
  .align 2
.text
.data
G265:
  # " "
  .byte 32 , 0
  .align 2
.text
.data
G266:
  # " "
  .byte 32 , 0
  .align 2
.text
.data
G267:
  # " "
  .byte 32 , 0
  .align 2
.text
.data
G268:
  # " "
  .byte 32 , 0
  .align 2
.text
.data
G269:
  # " "
  .byte 32 , 0
  .align 2
.text
.data
G270:
  # " "
  .byte 32 , 0
  .align 2
.text
.data
G271:
  # " "
  .byte 32 , 0
  .align 2
.text
.data
G272:
  # " "
  .byte 32 , 0
  .align 2
.text
.data
G273:
  # " "
  .byte 32 , 0
  .align 2
.text
.data
G274:
  # " "
  .byte 32 , 0
  .align 2
.text
.data
G275:
  # " "
  .byte 32 , 0
  .align 2
.text
.data
G276:
  # " "
  .byte 32 , 0
  .align 2
.text
.data
G277:
  # " "
  .byte 32 , 0
  .align 2
.text
.data
G278:
  # " "
  .byte 32 , 0
  .align 2
.text
.data
G279:
  # " "
  .byte 32 , 0
  .align 2
.text
.data
G280:
  # " "
  .byte 32 , 0
  .align 2
.text
.data
G281:
  # " "
  .byte 32 , 0
  .align 2
.text
.data
G282:
  # " "
  .byte 32 , 0
  .align 2
.text
.data
G283:
  # " "
  .byte 32 , 0
  .align 2
.text
.data
G284:
  # " "
  .byte 32 , 0
  .align 2
.text
.data
G285:
  # " "
  .byte 32 , 0
  .align 2
.text
.data
G286:
  # " "
  .byte 32 , 0
  .align 2
.text
.data
G287:
  # " "
  .byte 32 , 0
  .align 2
.text
.data
G288:
  # " "
  .byte 32 , 0
  .align 2
.text
.data
G289:
  # " "
  .byte 32 , 0
  .align 2
.text
.data
G290:
  # " "
  .byte 32 , 0
  .align 2
.text
.data
G291:
  # " "
  .byte 32 , 0
  .align 2
.text
.data
G292:
  # " "
  .byte 32 , 0
  .align 2
.text
.data
G293:
  # " "
  .byte 32 , 0
  .align 2
.text
.data
G294:
  # " "
  .byte 32 , 0
  .align 2
.text
.data
G295:
  # " "
  .byte 32 , 0
  .align 2
.text
.data
G296:
  # " "
  .byte 32 , 0
  .align 2
.text
.data
G297:
  # " "
  .byte 32 , 0
  .align 2
.text
.data
G298:
  # " "
  .byte 32 , 0
  .align 2
.text
.data
G299:
  # " "
  .byte 32 , 0
  .align 2
.text
.data
G300:
  # " "
  .byte 32 , 0
  .align 2
.text
.data
G301:
  # " "
  .byte 32 , 0
  .align 2
.text
.data
G302:
  # " "
  .byte 32 , 0
  .align 2
.text
.data
G303:
  # "\n"
  .byte 10 , 0
  .align 2
.text
.data
G304:
   .word 0
.text
Lgetchar: 
   li $v0,12
   syscall
   jr $ra 
Lprints: 
   li $v0,4
   syscall
   jr $ra 
Lprinti: 
   li $v0,1
   syscall
   jr $ra 
Lhalt: 
   li $v0,10
   syscall
   jr $ra 
Lprintb: 
   li $v0,1
   syscall
   jr $ra 
Lprintc: 
   li $v0,11
   syscall
   jr $ra 
L0: # main
  addi $sp,$sp,-20
  sw $ra,0($sp)
  li $s7,123
  move $a0,$s7
  jal L4
  move $s6,$v0
  li $s5,0
L6: # =
  sw $s5,4($sp)
L7: # while start
  li $s5,9
L9: # <=
  lw $s3,4($sp)
  ble $s3,$s5,L10
  li $s4,0
  j L11
L10:
  li $s4,1
L11:
  beq $s4,$zero,L8
L12: # ifelse start
  li $s5,0
L15: # ==
  lw $s2,4($sp)
  beq $s2,$s5,L16
  li $s3,0
  j L17
L16:
  li $s3,1
L17:
  beq $s3,$zero,L13
  li $s5,0
L18: # =
  sw $s5,8($sp)
L19: # while start
  li $s5,9
L21: # <=
  lw $s1,8($sp)
  ble $s1,$s5,L22
  li $s2,0
  j L23
L22:
  li $s2,1
L23:
  beq $s2,$zero,L20
L24: # ifelse start
  li $s5,0
L27: # ==
  lw $s0,8($sp)
  beq $s0,$s5,L28
  li $s1,0
  j L29
L28:
  li $s1,1
L29:
  beq $s1,$zero,L25
  jal L3
  move $s5,$v0
  li $s0,2
L30: # %
  div $s5,$s0
  mfhi $t9
L31: # =
  sw $t9,G0
  j L26
L25: # ifelse else
L32: # ifelse start
  li $t9,1
L35: # ==
  lw $s5,8($sp)
  beq $s5,$t9,L36
  li $s0,0
  j L37
L36:
  li $s0,1
L37:
  beq $s0,$zero,L33
  jal L3
  move $t9,$v0
  li $s5,2
L38: # %
  div $t9,$s5
  mfhi $t8
L39: # =
  sw $t8,G1
  j L34
L33: # ifelse else
L40: # ifelse start
  li $t8,2
L43: # ==
  lw $t9,8($sp)
  beq $t9,$t8,L44
  li $s5,0
  j L45
L44:
  li $s5,1
L45:
  beq $s5,$zero,L41
  jal L3
  move $t8,$v0
  li $t9,2
L46: # %
  div $t8,$t9
  mfhi $t7
L47: # =
  sw $t7,G2
  j L42
L41: # ifelse else
L48: # ifelse start
  li $t7,3
L51: # ==
  lw $t8,8($sp)
  beq $t8,$t7,L52
  li $t9,0
  j L53
L52:
  li $t9,1
L53:
  beq $t9,$zero,L49
  jal L3
  move $t7,$v0
  li $t8,2
L54: # %
  div $t7,$t8
  mfhi $t6
L55: # =
  sw $t6,G3
  j L50
L49: # ifelse else
L56: # ifelse start
  li $t6,4
L59: # ==
  lw $t7,8($sp)
  beq $t7,$t6,L60
  li $t8,0
  j L61
L60:
  li $t8,1
L61:
  beq $t8,$zero,L57
  jal L3
  move $t6,$v0
  li $t7,2
L62: # %
  div $t6,$t7
  mfhi $t5
L63: # =
  sw $t5,G4
  j L58
L57: # ifelse else
L64: # ifelse start
  li $t5,5
L67: # ==
  lw $t6,8($sp)
  beq $t6,$t5,L68
  li $t7,0
  j L69
L68:
  li $t7,1
L69:
  beq $t7,$zero,L65
  jal L3
  move $t5,$v0
  li $t6,2
L70: # %
  div $t5,$t6
  mfhi $t4
L71: # =
  sw $t4,G5
  j L66
L65: # ifelse else
L72: # ifelse start
  li $t4,6
L75: # ==
  lw $t5,8($sp)
  beq $t5,$t4,L76
  li $t6,0
  j L77
L76:
  li $t6,1
L77:
  beq $t6,$zero,L73
  jal L3
  move $t4,$v0
  li $t5,2
L78: # %
  div $t4,$t5
  mfhi $t3
L79: # =
  sw $t3,G6
  j L74
L73: # ifelse else
L80: # ifelse start
  li $t3,7
L83: # ==
  lw $t4,8($sp)
  beq $t4,$t3,L84
  li $t5,0
  j L85
L84:
  li $t5,1
L85:
  beq $t5,$zero,L81
  jal L3
  move $t3,$v0
  li $t4,2
L86: # %
  div $t3,$t4
  mfhi $t2
L87: # =
  sw $t2,G7
  j L82
L81: # ifelse else
L88: # ifelse start
  li $t2,8
L91: # ==
  lw $t3,8($sp)
  beq $t3,$t2,L92
  li $t4,0
  j L93
L92:
  li $t4,1
L93:
  beq $t4,$zero,L89
  jal L3
  move $t2,$v0
  li $t3,2
L94: # %
  div $t2,$t3
  mfhi $t1
L95: # =
  sw $t1,G8
  j L90
L89: # ifelse else
L96: # if start
  li $t1,9
L98: # ==
  lw $t2,8($sp)
  beq $t2,$t1,L99
  li $t3,0
  j L100
L99:
  li $t3,1
L100:
  beq $t3,$zero,L97
  jal L3
  move $t1,$v0
  li $t2,2
L101: # %
  div $t1,$t2
  mfhi $t0
L102: # =
  sw $t0,G9
L97: #if end
L90: #ifelse end
L82: #ifelse end
L74: #ifelse end
L66: #ifelse end
L58: #ifelse end
L50: #ifelse end
L42: #ifelse end
L34: #ifelse end
L26: #ifelse end
  li $s1,1
L103: # +
  lw $s5,8($sp)
  addu $s0,$s5,$s1
L104: # =
  sw $s0,8($sp)
j L19
L20: # while end
  j L14
L13: # ifelse else
L105: # ifelse start
  li $s2,1
L108: # ==
  lw $s1,4($sp)
  beq $s1,$s2,L109
  li $s0,0
  j L110
L109:
  li $s0,1
L110:
  beq $s0,$zero,L106
  li $s2,0
L111: # =
  sw $s2,8($sp)
L112: # while start
  li $s2,9
L114: # <=
  lw $s5,8($sp)
  ble $s5,$s2,L115
  li $s1,0
  j L116
L115:
  li $s1,1
L116:
  beq $s1,$zero,L113
L117: # ifelse start
  li $s2,0
L120: # ==
  lw $t9,8($sp)
  beq $t9,$s2,L121
  li $s5,0
  j L122
L121:
  li $s5,1
L122:
  beq $s5,$zero,L118
  jal L3
  move $s2,$v0
  li $t9,2
L123: # %
  div $s2,$t9
  mfhi $t8
L124: # =
  sw $t8,G10
  j L119
L118: # ifelse else
L125: # ifelse start
  li $t8,1
L128: # ==
  lw $s2,8($sp)
  beq $s2,$t8,L129
  li $t9,0
  j L130
L129:
  li $t9,1
L130:
  beq $t9,$zero,L126
  jal L3
  move $t8,$v0
  li $s2,2
L131: # %
  div $t8,$s2
  mfhi $t7
L132: # =
  sw $t7,G11
  j L127
L126: # ifelse else
L133: # ifelse start
  li $t7,2
L136: # ==
  lw $t8,8($sp)
  beq $t8,$t7,L137
  li $s2,0
  j L138
L137:
  li $s2,1
L138:
  beq $s2,$zero,L134
  jal L3
  move $t7,$v0
  li $t8,2
L139: # %
  div $t7,$t8
  mfhi $t6
L140: # =
  sw $t6,G12
  j L135
L134: # ifelse else
L141: # ifelse start
  li $t6,3
L144: # ==
  lw $t7,8($sp)
  beq $t7,$t6,L145
  li $t8,0
  j L146
L145:
  li $t8,1
L146:
  beq $t8,$zero,L142
  jal L3
  move $t6,$v0
  li $t7,2
L147: # %
  div $t6,$t7
  mfhi $t5
L148: # =
  sw $t5,G13
  j L143
L142: # ifelse else
L149: # ifelse start
  li $t5,4
L152: # ==
  lw $t6,8($sp)
  beq $t6,$t5,L153
  li $t7,0
  j L154
L153:
  li $t7,1
L154:
  beq $t7,$zero,L150
  jal L3
  move $t5,$v0
  li $t6,2
L155: # %
  div $t5,$t6
  mfhi $t4
L156: # =
  sw $t4,G14
  j L151
L150: # ifelse else
L157: # ifelse start
  li $t4,5
L160: # ==
  lw $t5,8($sp)
  beq $t5,$t4,L161
  li $t6,0
  j L162
L161:
  li $t6,1
L162:
  beq $t6,$zero,L158
  jal L3
  move $t4,$v0
  li $t5,2
L163: # %
  div $t4,$t5
  mfhi $t3
L164: # =
  sw $t3,G15
  j L159
L158: # ifelse else
L165: # ifelse start
  li $t3,6
L168: # ==
  lw $t4,8($sp)
  beq $t4,$t3,L169
  li $t5,0
  j L170
L169:
  li $t5,1
L170:
  beq $t5,$zero,L166
  jal L3
  move $t3,$v0
  li $t4,2
L171: # %
  div $t3,$t4
  mfhi $t0
L172: # =
  sw $t0,G16
  j L167
L166: # ifelse else
L173: # ifelse start
  li $t0,7
L176: # ==
  lw $t3,8($sp)
  beq $t3,$t0,L177
  li $t4,0
  j L178
L177:
  li $t4,1
L178:
  beq $t4,$zero,L174
  jal L3
  move $t0,$v0
  li $t3,2
L179: # %
  div $t0,$t3
  mfhi $t2
L180: # =
  sw $t2,G17
  j L175
L174: # ifelse else
L181: # ifelse start
  li $t2,8
L184: # ==
  lw $t0,8($sp)
  beq $t0,$t2,L185
  li $t3,0
  j L186
L185:
  li $t3,1
L186:
  beq $t3,$zero,L182
  jal L3
  move $t2,$v0
  li $t0,2
L187: # %
  div $t2,$t0
  mfhi $t1
L188: # =
  sw $t1,G18
  j L183
L182: # ifelse else
L189: # if start
  li $t1,9
L191: # ==
  lw $t2,8($sp)
  beq $t2,$t1,L192
  li $t0,0
  j L193
L192:
  li $t0,1
L193:
  beq $t0,$zero,L190
  jal L3
  move $t1,$v0
  li $t2,2
L194: # %
Too complex - not enough free registers in main scope
