.text
.globl main
main:
  jal L0
  li $v0,10
  syscall
.data
G0:
   .word 0
.text
.data
G1:
   .word 0
.text
.data
G2:
  # "\n(it's ok if the following aren't 0/false)\n"
  .byte 10 , 40 , 105 , 116 , 39 , 115 , 32 , 111 , 107 , 32 , 105 , 102 , 32 , 116 , 104 , 101 , 32 , 102 , 111 , 108 , 108 , 111 , 119 , 105 , 110 , 103 , 32 , 97 , 114 , 101 , 110 , 39 , 116 , 32 , 48 , 47 , 102 , 97 , 108 , 115 , 101 , 41 , 10 , 0
  .align 2
.text
.data
G3:
  # "\tlocal int default value: "
  .byte 9 , 108 , 111 , 99 , 97 , 108 , 32 , 105 , 110 , 116 , 32 , 100 , 101 , 102 , 97 , 117 , 108 , 116 , 32 , 118 , 97 , 108 , 117 , 101 , 58 , 32 , 0
  .align 2
.text
.data
G4:
  # "\n"
  .byte 10 , 0
  .align 2
.text
.data
G5:
  # "\tlocal boolean default value: "
  .byte 9 , 108 , 111 , 99 , 97 , 108 , 32 , 98 , 111 , 111 , 108 , 101 , 97 , 110 , 32 , 100 , 101 , 102 , 97 , 117 , 108 , 116 , 32 , 118 , 97 , 108 , 117 , 101 , 58 , 32 , 0
  .align 2
.text
.data
G6:
  # "\n"
  .byte 10 , 0
  .align 2
.text
.data
G7:
  # "global int default value: "
  .byte 103 , 108 , 111 , 98 , 97 , 108 , 32 , 105 , 110 , 116 , 32 , 100 , 101 , 102 , 97 , 117 , 108 , 116 , 32 , 118 , 97 , 108 , 117 , 101 , 58 , 32 , 0
  .align 2
.text
.data
G8:
  # "\n"
  .byte 10 , 0
  .align 2
.text
.data
G9:
  # "global boolean default value: "
  .byte 103 , 108 , 111 , 98 , 97 , 108 , 32 , 98 , 111 , 111 , 108 , 101 , 97 , 110 , 32 , 100 , 101 , 102 , 97 , 117 , 108 , 116 , 32 , 118 , 97 , 108 , 117 , 101 , 58 , 32 , 0
  .align 2
.text
.data
G10:
  # "\n"
  .byte 10 , 0
  .align 2
.text
.data
char: .space 2
.text
Lgetchar: 
  addi $sp,$sp,-4
  sw $s0,0($sp)
  li $v0,8
  la $a0,char
  la $a1,2
  syscall
  lb $v0,char
  li $s0,4
  beq $v0,$s0,Lgetchar_eof
  li $s0,0
  beq $v0,$s0,Lgetchar_eof
Lgetchar_return:
  lw $s0 0($sp)
  addi $sp,$sp,4
  jr $ra 
Lgetchar_eof:
  li $v0,-1
  j Lgetchar_return
Lprints: 
  li $v0,4
  syscall
  jr $ra 
Lprinti: 
  li $v0,1
  syscall
  jr $ra 
.data
return_err: .asciiz "Runtime error: Function did not return\n"
divzero_err: .asciiz "Runtime error: Division by zero\n"
.text
Lhalt: 
  li $v0,10
  syscall
  jr $ra 
Lprintb: 
  li $v0,1
  syscall
  jr $ra 
Lprintc: 
  li $v0,11
  syscall
  jr $ra 
L1: # foo
  addi $sp,$sp,-84
  sw $ra,0($sp)
  sw $t0,12($sp)
  sw $t1,16($sp)
  sw $t2,20($sp)
  sw $t3,24($sp)
  sw $t4,28($sp)
  sw $t5,32($sp)
  sw $t6,36($sp)
  sw $t7,40($sp)
  sw $t8,44($sp)
  sw $t9,48($sp)
  sw $s0,52($sp)
  sw $s1,56($sp)
  sw $s2,60($sp)
  sw $s3,64($sp)
  sw $s4,68($sp)
  sw $s5,72($sp)
  sw $s6,76($sp)
  sw $s7,80($sp)
  la $a0,G2
  jal Lprints
  la $a0,G3
  jal Lprints
  lw $s7,4($sp)
  move $a0,$s7
  jal Lprinti
  la $a0,G10
  jal Lprints
  la $a0,G5
  jal Lprints
  lw $s7,8($sp)
  move $a0,$s7
  jal Lprintb
  la $a0,G10
  jal Lprints
  li $s7,123
L2: # =
  sw $s7,4($sp)
  li $s7,1
L3: # =
  sw $s7,8($sp)
L1CLEANUP: # foo return
  lw $t0,12($sp)
  lw $t1,16($sp)
  lw $t2,20($sp)
  lw $t3,24($sp)
  lw $t4,28($sp)
  lw $t5,32($sp)
  lw $t6,36($sp)
  lw $t7,40($sp)
  lw $t8,44($sp)
  lw $t9,48($sp)
  lw $s0,52($sp)
  lw $s1,56($sp)
  lw $s2,60($sp)
  lw $s3,64($sp)
  lw $s4,68($sp)
  lw $s5,72($sp)
  lw $s6,76($sp)
  lw $s7,80($sp)
  lw $ra,0($sp) # c
  addi $sp,$sp,84
  jr $ra
L0: # main
  addi $sp,$sp,-4
  sw $ra,0($sp)
  la $a0,G7
  jal Lprints
  lw $s7,G0
  move $a0,$s7
  jal Lprinti
  la $a0,G10
  jal Lprints
  la $a0,G9
  jal Lprints
  lw $s7,G1
  move $a0,$s7
  jal Lprintb
  la $a0,G10
  jal Lprints
  jal L1
  jal L1
  lw $ra,0($sp) # b
  addi $sp,$sp,4
  jr $ra
