.text
.globl main
main:
  jal L0
  li $v0,10
  syscall
.data
G0:
  # "fib("
  .byte 102 , 105 , 98 , 40 , 0
  .align 2
.text
.data
G1:
  # ") = "
  .byte 41 , 32 , 61 , 32 , 0
  .align 2
.text
.data
G2:
  # "\n"
  .byte 10 , 0
  .align 2
.text
.data
char: .space 2
.text
Lgetchar: 
  addi $sp,$sp,-4
  sw $s0,0($sp)
  li $v0,8
  la $a0,char
  la $a1,2
  syscall
  lb $v0,char
  li $s0,4
  beq $v0,$s0,Lgetchar_eof
  li $s0,0
  beq $v0,$s0,Lgetchar_eof
Lgetchar_return:
  lw $s0 0($sp)
  addi $sp,$sp,4
  jr $ra 
Lgetchar_eof:
  li $v0,-1
  j Lgetchar_return
Lprints: 
  li $v0,4
  syscall
  jr $ra 
Lprinti: 
  li $v0,1
  syscall
  jr $ra 
.data
return_err: .asciiz "Runtime error: Function did not return\n"
divzero_err: .asciiz "Runtime error: Division by zero\n"
.text
Lhalt: 
  li $v0,10
  syscall
  jr $ra 
Lprintb: 
  li $v0,1
  syscall
  jr $ra 
Lprintc: 
  li $v0,11
  syscall
  jr $ra 
L0: # main
  addi $sp,$sp,-8
  sw $ra,0($sp)
  li $s7,0
L2: # =
  sw $s7,4($sp)
L3: # while start
  li $s7,46
L5: # <=
  lw $s5,4($sp)
  ble $s5,$s7,L6
  li $s6,0
  j L7
L6:
  li $s6,1
L7:
  beq $s6,$zero,L4
  la $a0,G0
  jal Lprints
  lw $s7,4($sp)
  move $a0,$s7
  jal Lprinti
  la $a0,G1
  jal Lprints
  lw $s7,4($sp)
  move $a0,$s7
  jal L1
  move $s7,$v0
  move $a0,$s7
  jal Lprinti
  la $a0,G2
  jal Lprints
  li $s7,1
L8: # +
  lw $s4,4($sp)
  addu $s5,$s4,$s7
L9: # =
  sw $s5,4($sp)
j L3
L4: # while end
  lw $ra,0($sp) # b
  addi $sp,$sp,8
  jr $ra
L1: # fib
  addi $sp,$sp,-80
  sw $ra,0($sp)
  sw $a0,4($sp)
  sw $t0,8($sp)
  sw $t1,12($sp)
  sw $t2,16($sp)
  sw $t3,20($sp)
  sw $t4,24($sp)
  sw $t5,28($sp)
  sw $t6,32($sp)
  sw $t7,36($sp)
  sw $t8,40($sp)
  sw $t9,44($sp)
  sw $s0,48($sp)
  sw $s1,52($sp)
  sw $s2,56($sp)
  sw $s3,60($sp)
  sw $s4,64($sp)
  sw $s5,68($sp)
  sw $s6,72($sp)
  sw $s7,76($sp)
L10: # if start
  li $s7,0
L12: # ==
  lw $s5,4($sp)
  beq $s5,$s7,L13
  li $s6,0
  j L14
L13:
  li $s6,1
L14:
  beq $s6,$zero,L11
  li $s7,0
  move $v0,$s7
  j L1CLEANUP
L11: #if end
L15: # if start
  li $s6,1
L17: # ==
  lw $s4,4($sp)
  beq $s4,$s6,L18
  li $s5,0
  j L19
L18:
  li $s5,1
L19:
  beq $s5,$zero,L16
  li $s6,1
  move $v0,$s6
  j L1CLEANUP
L16: #if end
  li $s5,1
L20: # -
  lw $s3,4($sp)
  subu $s4,$s3,$s5
  move $a0,$s4
  jal L1
  move $s4,$v0
  li $s5,2
L21: # -
  lw $s2,4($sp)
  subu $s3,$s2,$s5
  move $a0,$s3
  jal L1
  move $s3,$v0
L22: # +
  addu $s5,$s4,$s3
  move $v0,$s5
  j L1CLEANUP
  la $a0,return_err
  jal Lprints
  jal Lhalt
L1CLEANUP: # fib return
  lw $t0,8($sp)
  lw $t1,12($sp)
  lw $t2,16($sp)
  lw $t3,20($sp)
  lw $t4,24($sp)
  lw $t5,28($sp)
  lw $t6,32($sp)
  lw $t7,36($sp)
  lw $t8,40($sp)
  lw $t9,44($sp)
  lw $s0,48($sp)
  lw $s1,52($sp)
  lw $s2,56($sp)
  lw $s3,60($sp)
  lw $s4,64($sp)
  lw $s5,68($sp)
  lw $s6,72($sp)
  lw $s7,76($sp)
  lw $ra,0($sp) # c
  addi $sp,$sp,80
  jr $ra
