.text
.globl main
main:
  jal L0
  li $v0,10
  syscall
.data
G0:
   .word 0
.text
.data
G1:
   .word 0
.text
.data
char: .space 2
.text
Lgetchar: 
  addi $sp,$sp,-4
  sw $s0,0($sp)
  li $v0,8
  la $a0,char
  la $a1,2
  syscall
  lb $v0,char
  li $s0,4
  beq $v0,$s0,Lgetchar_eof
  li $s0,0
  beq $v0,$s0,Lgetchar_eof
Lgetchar_return:
  lw $s0 0($sp)
  addi $sp,$sp,4
  jr $ra 
Lgetchar_eof:
  li $v0,-1
  j Lgetchar_return
Lprints: 
  li $v0,4
  syscall
  jr $ra 
Lprinti: 
  li $v0,1
  syscall
  jr $ra 
.data
return_err: .asciiz "Runtime error: Function did not return\n"
divzero_err: .asciiz "Runtime error: Division by zero\n"
.text
Lhalt: 
  li $v0,10
  syscall
  jr $ra 
Lprintb: 
  li $v0,1
  syscall
  jr $ra 
Lprintc: 
  li $v0,11
  syscall
  jr $ra 
L0: # main
  addi $sp,$sp,-12
  sw $ra,0($sp)
  li $s7,123
L1: # =
  sw $s7,G0
  li $s7,456
L2: # =
  sw $s7,4($sp)
  li $s7,789
L3: # =
  sw $s7,G1
  li $s7,42
L4: # =
  sw $s7,G1
L5: # =
  lw $s7,G1
  sw $s7,4($sp)
L6: # =
  lw $s7,4($sp)
  sw $s7,G0
  li $s7,10
L7: # =
  sw $s7,8($sp)
  lw $s7,G0
  move $a0,$s7
  jal Lprinti
  lw $s7,8($sp)
  move $a0,$s7
  jal Lprintc
  lw $s7,4($sp)
  move $a0,$s7
  jal Lprinti
  lw $s7,8($sp)
  move $a0,$s7
  jal Lprintc
  lw $s7,G1
  move $a0,$s7
  jal Lprinti
  lw $s7,8($sp)
  move $a0,$s7
  jal Lprintc
  lw $ra,0($sp) # b
  addi $sp,$sp,12
  jr $ra
